[07-Nov-2023 00:08:09 UTC] PHP Warning:  Attempt to read property "title" on null in C:\Users\sosah\Local Sites\wordpress-expert\app\public\wp-includes\class-wp-customize-widgets.php on line 905
[15-Nov-2023 22:33:07 UTC] PHP Warning:  Trying to access array offset on value of type bool in C:\Users\sosah\Local Sites\wordpress-expert\app\public\wp-admin\includes\ajax-actions.php on line 4659
[15-Nov-2023 23:09:37 UTC] PHP Warning:  Attempt to read property "title" on null in C:\Users\sosah\Local Sites\wordpress-expert\app\public\wp-includes\class-wp-customize-widgets.php on line 905
[17-Nov-2023 18:55:57 UTC] PHP Warning:  Undefined array key "editor_post_id" in C:\Users\sosah\Local Sites\wordpress-expert\app\public\wp-content\plugins\elementor\includes\managers\widgets.php on line 363
[17-Nov-2023 23:58:12 UTC] PHP Warning:  Trying to access array offset on value of type bool in C:\Users\sosah\Local Sites\wordpress-expert\app\public\wp-content\plugins\elementor\includes\managers\image.php on line 113
[17-Nov-2023 23:58:12 UTC] PHP Warning:  Trying to access array offset on value of type bool in C:\Users\sosah\Local Sites\wordpress-expert\app\public\wp-content\plugins\elementor\includes\managers\image.php on line 113
[17-Nov-2023 23:58:12 UTC] PHP Warning:  Trying to access array offset on value of type bool in C:\Users\sosah\Local Sites\wordpress-expert\app\public\wp-content\plugins\elementor\includes\managers\image.php on line 113
[17-Nov-2023 23:58:12 UTC] PHP Warning:  Trying to access array offset on value of type bool in C:\Users\sosah\Local Sites\wordpress-expert\app\public\wp-content\plugins\elementor\includes\managers\image.php on line 113
[17-Nov-2023 23:58:12 UTC] PHP Warning:  Trying to access array offset on value of type bool in C:\Users\sosah\Local Sites\wordpress-expert\app\public\wp-content\plugins\elementor\includes\managers\image.php on line 113
[17-Nov-2023 23:58:12 UTC] PHP Warning:  Trying to access array offset on value of type bool in C:\Users\sosah\Local Sites\wordpress-expert\app\public\wp-content\plugins\elementor\includes\managers\image.php on line 113
[17-Nov-2023 23:58:12 UTC] PHP Warning:  Trying to access array offset on value of type bool in C:\Users\sosah\Local Sites\wordpress-expert\app\public\wp-content\plugins\elementor\includes\managers\image.php on line 113
[17-Nov-2023 23:58:12 UTC] PHP Warning:  Trying to access array offset on value of type bool in C:\Users\sosah\Local Sites\wordpress-expert\app\public\wp-content\plugins\elementor\includes\managers\image.php on line 113
[17-Nov-2023 23:58:12 UTC] PHP Warning:  Trying to access array offset on value of type bool in C:\Users\sosah\Local Sites\wordpress-expert\app\public\wp-content\plugins\elementor\includes\managers\image.php on line 113
[17-Nov-2023 23:58:12 UTC] PHP Warning:  Trying to access array offset on value of type bool in C:\Users\sosah\Local Sites\wordpress-expert\app\public\wp-content\plugins\elementor\includes\managers\image.php on line 113
[17-Nov-2023 23:58:12 UTC] PHP Warning:  Trying to access array offset on value of type bool in C:\Users\sosah\Local Sites\wordpress-expert\app\public\wp-content\plugins\elementor\includes\managers\image.php on line 113
[17-Nov-2023 23:58:12 UTC] PHP Warning:  Trying to access array offset on value of type bool in C:\Users\sosah\Local Sites\wordpress-expert\app\public\wp-content\plugins\elementor\includes\managers\image.php on line 113
[17-Nov-2023 23:58:12 UTC] PHP Warning:  Trying to access array offset on value of type bool in C:\Users\sosah\Local Sites\wordpress-expert\app\public\wp-content\plugins\elementor\includes\managers\image.php on line 113
[17-Nov-2023 23:58:12 UTC] PHP Warning:  Trying to access array offset on value of type bool in C:\Users\sosah\Local Sites\wordpress-expert\app\public\wp-content\plugins\elementor\includes\managers\image.php on line 113
[17-Nov-2023 23:58:12 UTC] PHP Warning:  Trying to access array offset on value of type bool in C:\Users\sosah\Local Sites\wordpress-expert\app\public\wp-content\plugins\elementor\includes\managers\image.php on line 113
[17-Nov-2023 23:58:12 UTC] PHP Warning:  Trying to access array offset on value of type bool in C:\Users\sosah\Local Sites\wordpress-expert\app\public\wp-content\plugins\elementor\includes\managers\image.php on line 113
[17-Nov-2023 23:58:12 UTC] PHP Warning:  Trying to access array offset on value of type bool in C:\Users\sosah\Local Sites\wordpress-expert\app\public\wp-content\plugins\elementor\includes\managers\image.php on line 113
[17-Nov-2023 23:58:12 UTC] PHP Warning:  Trying to access array offset on value of type bool in C:\Users\sosah\Local Sites\wordpress-expert\app\public\wp-content\plugins\elementor\includes\managers\image.php on line 113
[17-Nov-2023 23:58:12 UTC] PHP Warning:  Trying to access array offset on value of type bool in C:\Users\sosah\Local Sites\wordpress-expert\app\public\wp-content\plugins\elementor\includes\managers\image.php on line 113
[17-Nov-2023 23:58:12 UTC] PHP Warning:  Trying to access array offset on value of type bool in C:\Users\sosah\Local Sites\wordpress-expert\app\public\wp-content\plugins\elementor\includes\managers\image.php on line 113
[17-Nov-2023 23:58:12 UTC] PHP Warning:  Trying to access array offset on value of type bool in C:\Users\sosah\Local Sites\wordpress-expert\app\public\wp-content\plugins\elementor\includes\managers\image.php on line 113
[17-Nov-2023 23:58:12 UTC] PHP Warning:  Trying to access array offset on value of type bool in C:\Users\sosah\Local Sites\wordpress-expert\app\public\wp-content\plugins\elementor\includes\managers\image.php on line 113
[17-Nov-2023 23:58:12 UTC] PHP Warning:  Trying to access array offset on value of type bool in C:\Users\sosah\Local Sites\wordpress-expert\app\public\wp-content\plugins\elementor\includes\managers\image.php on line 113
[17-Nov-2023 23:58:12 UTC] PHP Warning:  Trying to access array offset on value of type bool in C:\Users\sosah\Local Sites\wordpress-expert\app\public\wp-content\plugins\elementor\includes\managers\image.php on line 113
[17-Nov-2023 23:58:12 UTC] PHP Warning:  Trying to access array offset on value of type bool in C:\Users\sosah\Local Sites\wordpress-expert\app\public\wp-content\plugins\elementor\includes\managers\image.php on line 113
[17-Nov-2023 23:58:12 UTC] PHP Warning:  Trying to access array offset on value of type bool in C:\Users\sosah\Local Sites\wordpress-expert\app\public\wp-content\plugins\elementor\includes\managers\image.php on line 113
[17-Nov-2023 23:58:12 UTC] PHP Warning:  Trying to access array offset on value of type bool in C:\Users\sosah\Local Sites\wordpress-expert\app\public\wp-content\plugins\elementor\includes\managers\image.php on line 113
[17-Nov-2023 23:58:12 UTC] PHP Warning:  Trying to access array offset on value of type bool in C:\Users\sosah\Local Sites\wordpress-expert\app\public\wp-content\plugins\elementor\includes\managers\image.php on line 113
[17-Nov-2023 23:58:12 UTC] PHP Warning:  Trying to access array offset on value of type bool in C:\Users\sosah\Local Sites\wordpress-expert\app\public\wp-content\plugins\elementor\includes\managers\image.php on line 113
[17-Nov-2023 23:58:12 UTC] PHP Warning:  Trying to access array offset on value of type bool in C:\Users\sosah\Local Sites\wordpress-expert\app\public\wp-content\plugins\elementor\includes\managers\image.php on line 113
[17-Nov-2023 23:58:12 UTC] PHP Warning:  Trying to access array offset on value of type bool in C:\Users\sosah\Local Sites\wordpress-expert\app\public\wp-content\plugins\elementor\includes\managers\image.php on line 113
[17-Nov-2023 23:58:12 UTC] PHP Warning:  Trying to access array offset on value of type bool in C:\Users\sosah\Local Sites\wordpress-expert\app\public\wp-content\plugins\elementor\includes\managers\image.php on line 113
[17-Nov-2023 23:58:12 UTC] PHP Warning:  Trying to access array offset on value of type bool in C:\Users\sosah\Local Sites\wordpress-expert\app\public\wp-content\plugins\elementor\includes\managers\image.php on line 113
[17-Nov-2023 23:58:12 UTC] PHP Warning:  Trying to access array offset on value of type bool in C:\Users\sosah\Local Sites\wordpress-expert\app\public\wp-content\plugins\elementor\includes\managers\image.php on line 113
[17-Nov-2023 23:58:12 UTC] PHP Warning:  Trying to access array offset on value of type bool in C:\Users\sosah\Local Sites\wordpress-expert\app\public\wp-content\plugins\elementor\includes\managers\image.php on line 113
[17-Nov-2023 23:58:12 UTC] PHP Warning:  Trying to access array offset on value of type bool in C:\Users\sosah\Local Sites\wordpress-expert\app\public\wp-content\plugins\elementor\includes\managers\image.php on line 113
[17-Nov-2023 23:58:12 UTC] PHP Warning:  Trying to access array offset on value of type bool in C:\Users\sosah\Local Sites\wordpress-expert\app\public\wp-content\plugins\elementor\includes\managers\image.php on line 113
[17-Nov-2023 23:58:12 UTC] PHP Warning:  Trying to access array offset on value of type bool in C:\Users\sosah\Local Sites\wordpress-expert\app\public\wp-content\plugins\elementor\includes\managers\image.php on line 113
[17-Nov-2023 23:58:12 UTC] PHP Warning:  Trying to access array offset on value of type bool in C:\Users\sosah\Local Sites\wordpress-expert\app\public\wp-content\plugins\elementor\includes\managers\image.php on line 113
[17-Nov-2023 23:58:12 UTC] PHP Warning:  Trying to access array offset on value of type bool in C:\Users\sosah\Local Sites\wordpress-expert\app\public\wp-content\plugins\elementor\includes\managers\image.php on line 113
[17-Nov-2023 23:58:12 UTC] PHP Warning:  Trying to access array offset on value of type bool in C:\Users\sosah\Local Sites\wordpress-expert\app\public\wp-content\plugins\elementor\includes\managers\image.php on line 113
[17-Nov-2023 23:58:12 UTC] PHP Warning:  Trying to access array offset on value of type bool in C:\Users\sosah\Local Sites\wordpress-expert\app\public\wp-content\plugins\elementor\includes\managers\image.php on line 113
[17-Nov-2023 23:58:12 UTC] PHP Warning:  Trying to access array offset on value of type bool in C:\Users\sosah\Local Sites\wordpress-expert\app\public\wp-content\plugins\elementor\includes\managers\image.php on line 113
[17-Nov-2023 23:58:12 UTC] PHP Warning:  Trying to access array offset on value of type bool in C:\Users\sosah\Local Sites\wordpress-expert\app\public\wp-content\plugins\elementor\includes\managers\image.php on line 113
[17-Nov-2023 23:58:12 UTC] PHP Warning:  Trying to access array offset on value of type bool in C:\Users\sosah\Local Sites\wordpress-expert\app\public\wp-content\plugins\elementor\includes\managers\image.php on line 113
[17-Nov-2023 23:58:12 UTC] PHP Warning:  Trying to access array offset on value of type bool in C:\Users\sosah\Local Sites\wordpress-expert\app\public\wp-content\plugins\elementor\includes\managers\image.php on line 113
[17-Nov-2023 23:58:12 UTC] PHP Warning:  Trying to access array offset on value of type bool in C:\Users\sosah\Local Sites\wordpress-expert\app\public\wp-content\plugins\elementor\includes\managers\image.php on line 113
[17-Nov-2023 23:58:12 UTC] PHP Warning:  Trying to access array offset on value of type bool in C:\Users\sosah\Local Sites\wordpress-expert\app\public\wp-content\plugins\elementor\includes\managers\image.php on line 113
[17-Nov-2023 23:58:12 UTC] PHP Warning:  Trying to access array offset on value of type bool in C:\Users\sosah\Local Sites\wordpress-expert\app\public\wp-content\plugins\elementor\includes\managers\image.php on line 113
[17-Nov-2023 23:58:12 UTC] PHP Warning:  Trying to access array offset on value of type bool in C:\Users\sosah\Local Sites\wordpress-expert\app\public\wp-content\plugins\elementor\includes\managers\image.php on line 113
[17-Nov-2023 23:58:12 UTC] PHP Warning:  Trying to access array offset on value of type bool in C:\Users\sosah\Local Sites\wordpress-expert\app\public\wp-content\plugins\elementor\includes\managers\image.php on line 113
[17-Nov-2023 23:58:12 UTC] PHP Warning:  Trying to access array offset on value of type bool in C:\Users\sosah\Local Sites\wordpress-expert\app\public\wp-content\plugins\elementor\includes\managers\image.php on line 113
[17-Nov-2023 23:58:12 UTC] PHP Warning:  Trying to access array offset on value of type bool in C:\Users\sosah\Local Sites\wordpress-expert\app\public\wp-content\plugins\elementor\includes\managers\image.php on line 113
[17-Nov-2023 23:58:12 UTC] PHP Warning:  Trying to access array offset on value of type bool in C:\Users\sosah\Local Sites\wordpress-expert\app\public\wp-content\plugins\elementor\includes\managers\image.php on line 113
[17-Nov-2023 23:58:12 UTC] PHP Warning:  Trying to access array offset on value of type bool in C:\Users\sosah\Local Sites\wordpress-expert\app\public\wp-content\plugins\elementor\includes\managers\image.php on line 113
[17-Nov-2023 23:58:12 UTC] PHP Warning:  Trying to access array offset on value of type bool in C:\Users\sosah\Local Sites\wordpress-expert\app\public\wp-content\plugins\elementor\includes\managers\image.php on line 113
[17-Nov-2023 23:58:12 UTC] PHP Warning:  Trying to access array offset on value of type bool in C:\Users\sosah\Local Sites\wordpress-expert\app\public\wp-content\plugins\elementor\includes\managers\image.php on line 113
[17-Nov-2023 23:58:12 UTC] PHP Warning:  Trying to access array offset on value of type bool in C:\Users\sosah\Local Sites\wordpress-expert\app\public\wp-content\plugins\elementor\includes\managers\image.php on line 113
[17-Nov-2023 23:58:12 UTC] PHP Warning:  Trying to access array offset on value of type bool in C:\Users\sosah\Local Sites\wordpress-expert\app\public\wp-content\plugins\elementor\includes\managers\image.php on line 113
[17-Nov-2023 23:58:12 UTC] PHP Warning:  Trying to access array offset on value of type bool in C:\Users\sosah\Local Sites\wordpress-expert\app\public\wp-content\plugins\elementor\includes\managers\image.php on line 113
[17-Nov-2023 23:58:12 UTC] PHP Warning:  Trying to access array offset on value of type bool in C:\Users\sosah\Local Sites\wordpress-expert\app\public\wp-content\plugins\elementor\includes\managers\image.php on line 113
[17-Nov-2023 23:58:12 UTC] PHP Warning:  Trying to access array offset on value of type bool in C:\Users\sosah\Local Sites\wordpress-expert\app\public\wp-content\plugins\elementor\includes\managers\image.php on line 113
[17-Nov-2023 23:58:12 UTC] PHP Warning:  Trying to access array offset on value of type bool in C:\Users\sosah\Local Sites\wordpress-expert\app\public\wp-content\plugins\elementor\includes\managers\image.php on line 113
[17-Nov-2023 23:58:12 UTC] PHP Warning:  Trying to access array offset on value of type bool in C:\Users\sosah\Local Sites\wordpress-expert\app\public\wp-content\plugins\elementor\includes\managers\image.php on line 113
[17-Nov-2023 23:58:12 UTC] PHP Warning:  Trying to access array offset on value of type bool in C:\Users\sosah\Local Sites\wordpress-expert\app\public\wp-content\plugins\elementor\includes\managers\image.php on line 113
[17-Nov-2023 23:58:12 UTC] PHP Warning:  Trying to access array offset on value of type bool in C:\Users\sosah\Local Sites\wordpress-expert\app\public\wp-content\plugins\elementor\includes\managers\image.php on line 113
[17-Nov-2023 23:58:12 UTC] PHP Warning:  Trying to access array offset on value of type bool in C:\Users\sosah\Local Sites\wordpress-expert\app\public\wp-content\plugins\elementor\includes\managers\image.php on line 113
[17-Nov-2023 23:58:12 UTC] PHP Warning:  Trying to access array offset on value of type bool in C:\Users\sosah\Local Sites\wordpress-expert\app\public\wp-content\plugins\elementor\includes\managers\image.php on line 113
[17-Nov-2023 23:58:12 UTC] PHP Warning:  Trying to access array offset on value of type bool in C:\Users\sosah\Local Sites\wordpress-expert\app\public\wp-content\plugins\elementor\includes\managers\image.php on line 113
[17-Nov-2023 23:58:12 UTC] PHP Warning:  Trying to access array offset on value of type bool in C:\Users\sosah\Local Sites\wordpress-expert\app\public\wp-content\plugins\elementor\includes\managers\image.php on line 113
[17-Nov-2023 23:58:12 UTC] PHP Warning:  Trying to access array offset on value of type bool in C:\Users\sosah\Local Sites\wordpress-expert\app\public\wp-content\plugins\elementor\includes\managers\image.php on line 113
[17-Nov-2023 23:58:12 UTC] PHP Warning:  Trying to access array offset on value of type bool in C:\Users\sosah\Local Sites\wordpress-expert\app\public\wp-content\plugins\elementor\includes\managers\image.php on line 113
[17-Nov-2023 23:58:12 UTC] PHP Warning:  Trying to access array offset on value of type bool in C:\Users\sosah\Local Sites\wordpress-expert\app\public\wp-content\plugins\elementor\includes\managers\image.php on line 113
[17-Nov-2023 23:58:12 UTC] PHP Warning:  Trying to access array offset on value of type bool in C:\Users\sosah\Local Sites\wordpress-expert\app\public\wp-content\plugins\elementor\includes\managers\image.php on line 113
[17-Nov-2023 23:58:12 UTC] PHP Warning:  Trying to access array offset on value of type bool in C:\Users\sosah\Local Sites\wordpress-expert\app\public\wp-content\plugins\elementor\includes\managers\image.php on line 113
[17-Nov-2023 23:58:12 UTC] PHP Warning:  Trying to access array offset on value of type bool in C:\Users\sosah\Local Sites\wordpress-expert\app\public\wp-content\plugins\elementor\includes\managers\image.php on line 113
[17-Nov-2023 23:58:12 UTC] PHP Warning:  Trying to access array offset on value of type bool in C:\Users\sosah\Local Sites\wordpress-expert\app\public\wp-content\plugins\elementor\includes\managers\image.php on line 113
[17-Nov-2023 23:58:12 UTC] PHP Warning:  Trying to access array offset on value of type bool in C:\Users\sosah\Local Sites\wordpress-expert\app\public\wp-content\plugins\elementor\includes\managers\image.php on line 113
[17-Nov-2023 23:58:12 UTC] PHP Warning:  Trying to access array offset on value of type bool in C:\Users\sosah\Local Sites\wordpress-expert\app\public\wp-content\plugins\elementor\includes\managers\image.php on line 113
[17-Nov-2023 23:58:12 UTC] PHP Warning:  Trying to access array offset on value of type bool in C:\Users\sosah\Local Sites\wordpress-expert\app\public\wp-content\plugins\elementor\includes\managers\image.php on line 113
[17-Nov-2023 23:58:12 UTC] PHP Warning:  Trying to access array offset on value of type bool in C:\Users\sosah\Local Sites\wordpress-expert\app\public\wp-content\plugins\elementor\includes\managers\image.php on line 113
[17-Nov-2023 23:58:12 UTC] PHP Warning:  Trying to access array offset on value of type bool in C:\Users\sosah\Local Sites\wordpress-expert\app\public\wp-content\plugins\elementor\includes\managers\image.php on line 113
[17-Nov-2023 23:58:12 UTC] PHP Warning:  Trying to access array offset on value of type bool in C:\Users\sosah\Local Sites\wordpress-expert\app\public\wp-content\plugins\elementor\includes\managers\image.php on line 113
[17-Nov-2023 23:58:12 UTC] PHP Warning:  Trying to access array offset on value of type bool in C:\Users\sosah\Local Sites\wordpress-expert\app\public\wp-content\plugins\elementor\includes\managers\image.php on line 113
[17-Nov-2023 23:58:12 UTC] PHP Warning:  Trying to access array offset on value of type bool in C:\Users\sosah\Local Sites\wordpress-expert\app\public\wp-content\plugins\elementor\includes\managers\image.php on line 113
[17-Nov-2023 23:58:12 UTC] PHP Warning:  Trying to access array offset on value of type bool in C:\Users\sosah\Local Sites\wordpress-expert\app\public\wp-content\plugins\elementor\includes\managers\image.php on line 113
[17-Nov-2023 23:58:12 UTC] PHP Warning:  Trying to access array offset on value of type bool in C:\Users\sosah\Local Sites\wordpress-expert\app\public\wp-content\plugins\elementor\includes\managers\image.php on line 113
[17-Nov-2023 23:58:12 UTC] PHP Warning:  Trying to access array offset on value of type bool in C:\Users\sosah\Local Sites\wordpress-expert\app\public\wp-content\plugins\elementor\includes\managers\image.php on line 113
[17-Nov-2023 23:58:12 UTC] PHP Warning:  Trying to access array offset on value of type bool in C:\Users\sosah\Local Sites\wordpress-expert\app\public\wp-content\plugins\elementor\includes\managers\image.php on line 113
[17-Nov-2023 23:58:12 UTC] PHP Warning:  Trying to access array offset on value of type bool in C:\Users\sosah\Local Sites\wordpress-expert\app\public\wp-content\plugins\elementor\includes\managers\image.php on line 113
[17-Nov-2023 23:58:12 UTC] PHP Warning:  Trying to access array offset on value of type bool in C:\Users\sosah\Local Sites\wordpress-expert\app\public\wp-content\plugins\elementor\includes\managers\image.php on line 113
[17-Nov-2023 23:58:12 UTC] PHP Warning:  Trying to access array offset on value of type bool in C:\Users\sosah\Local Sites\wordpress-expert\app\public\wp-content\plugins\elementor\includes\managers\image.php on line 113
[17-Nov-2023 23:58:12 UTC] PHP Warning:  Trying to access array offset on value of type bool in C:\Users\sosah\Local Sites\wordpress-expert\app\public\wp-content\plugins\elementor\includes\managers\image.php on line 113
[17-Nov-2023 23:58:12 UTC] PHP Warning:  Trying to access array offset on value of type bool in C:\Users\sosah\Local Sites\wordpress-expert\app\public\wp-content\plugins\elementor\includes\managers\image.php on line 113
[17-Nov-2023 23:58:12 UTC] PHP Warning:  Trying to access array offset on value of type bool in C:\Users\sosah\Local Sites\wordpress-expert\app\public\wp-content\plugins\elementor\includes\managers\image.php on line 113
[17-Nov-2023 23:58:12 UTC] PHP Warning:  Trying to access array offset on value of type bool in C:\Users\sosah\Local Sites\wordpress-expert\app\public\wp-content\plugins\elementor\includes\managers\image.php on line 113
[18-Nov-2023 00:04:20 UTC] PHP Warning:  Trying to access array offset on value of type bool in C:\Users\sosah\Local Sites\wordpress-expert\app\public\wp-content\plugins\elementor\includes\managers\image.php on line 113
[18-Nov-2023 00:04:24 UTC] PHP Warning:  Trying to access array offset on value of type bool in C:\Users\sosah\Local Sites\wordpress-expert\app\public\wp-content\plugins\elementor\includes\managers\image.php on line 113
[18-Nov-2023 16:40:07 UTC] PHP Warning:  Undefined array key "editor_post_id" in C:\Users\sosah\Local Sites\wordpress-expert\app\public\wp-content\plugins\elementor\modules\history\revisions-manager.php on line 363
[08-Apr-2024 18:17:13 UTC] PHP Warning:  Trying to access array offset on value of type bool in D:\Proyectos de Wordpress\wordpress-projects\free-landing-page\app\public\wp-admin\includes\ajax-actions.php on line 4659
[08-Apr-2024 18:21:04 UTC] PHP Warning:  Attempt to read property "title" on null in D:\Proyectos de Wordpress\wordpress-projects\free-landing-page\app\public\wp-includes\class-wp-customize-widgets.php on line 905
[08-Apr-2024 18:21:26 UTC] PHP Warning:  Attempt to read property "title" on null in D:\Proyectos de Wordpress\wordpress-projects\free-landing-page\app\public\wp-includes\class-wp-customize-widgets.php on line 905
[08-Apr-2024 18:24:14 UTC] PHP Warning:  Attempt to read property "title" on null in D:\Proyectos de Wordpress\wordpress-projects\free-landing-page\app\public\wp-includes\class-wp-customize-widgets.php on line 905
